{"C:\\Users\\Ekala\\Desktop\\react\\task1\\task1-app\\src\\UnrelatedComponents\\Header\\index.tsx": {"path":"C:\\Users\\Ekala\\Desktop\\react\\task1\\task1-app\\src\\UnrelatedComponents\\Header\\index.tsx","all":false,"statementMap":{"0":{"start":{"line":1,"column":0},"end":{"line":1,"column":26}},"1":{"start":{"line":2,"column":0},"end":{"line":2,"column":43}},"2":{"start":{"line":3,"column":0},"end":{"line":3,"column":46}},"3":{"start":{"line":4,"column":0},"end":{"line":4,"column":21}},"4":{"start":{"line":5,"column":0},"end":{"line":5,"column":0}},"5":{"start":{"line":6,"column":0},"end":{"line":6,"column":87}},"6":{"start":{"line":7,"column":0},"end":{"line":7,"column":34}},"7":{"start":{"line":8,"column":0},"end":{"line":8,"column":17}},"8":{"start":{"line":9,"column":0},"end":{"line":9,"column":34}},"9":{"start":{"line":10,"column":0},"end":{"line":10,"column":3}},"10":{"start":{"line":11,"column":0},"end":{"line":11,"column":0}},"11":{"start":{"line":12,"column":0},"end":{"line":12,"column":29}},"12":{"start":{"line":13,"column":0},"end":{"line":13,"column":45}},"13":{"start":{"line":14,"column":0},"end":{"line":14,"column":3}},"14":{"start":{"line":15,"column":0},"end":{"line":15,"column":0}},"15":{"start":{"line":16,"column":0},"end":{"line":16,"column":29}},"16":{"start":{"line":17,"column":0},"end":{"line":17,"column":12}},"17":{"start":{"line":18,"column":0},"end":{"line":18,"column":53}},"18":{"start":{"line":19,"column":0},"end":{"line":19,"column":38}},"19":{"start":{"line":20,"column":0},"end":{"line":20,"column":45}},"20":{"start":{"line":21,"column":0},"end":{"line":21,"column":18}},"21":{"start":{"line":22,"column":0},"end":{"line":22,"column":18}},"22":{"start":{"line":23,"column":0},"end":{"line":23,"column":77}},"23":{"start":{"line":24,"column":0},"end":{"line":24,"column":68}},"24":{"start":{"line":25,"column":0},"end":{"line":25,"column":11}},"25":{"start":{"line":26,"column":0},"end":{"line":26,"column":21}},"26":{"start":{"line":27,"column":0},"end":{"line":27,"column":20}},"27":{"start":{"line":28,"column":0},"end":{"line":28,"column":18}},"28":{"start":{"line":29,"column":0},"end":{"line":29,"column":23}},"29":{"start":{"line":30,"column":0},"end":{"line":30,"column":77}},"30":{"start":{"line":31,"column":0},"end":{"line":31,"column":69}},"31":{"start":{"line":32,"column":0},"end":{"line":32,"column":11}},"32":{"start":{"line":33,"column":0},"end":{"line":33,"column":22}},"33":{"start":{"line":34,"column":0},"end":{"line":34,"column":20}},"34":{"start":{"line":35,"column":0},"end":{"line":35,"column":14}},"35":{"start":{"line":36,"column":0},"end":{"line":36,"column":12}},"36":{"start":{"line":37,"column":0},"end":{"line":37,"column":6}},"37":{"start":{"line":38,"column":0},"end":{"line":38,"column":3}},"38":{"start":{"line":39,"column":0},"end":{"line":39,"column":1}}},"s":{"0":1,"1":1,"2":1,"3":1,"4":1,"5":1,"6":1,"7":1,"8":1,"9":1,"10":1,"11":1,"12":1,"13":1,"14":1,"15":1,"16":2,"17":2,"18":2,"19":2,"20":2,"21":2,"22":2,"23":2,"24":2,"25":2,"26":2,"27":2,"28":2,"29":2,"30":2,"31":2,"32":2,"33":2,"34":2,"35":2,"36":2,"37":2,"38":1},"branchMap":{"0":{"type":"branch","line":7,"loc":{"start":{"line":7,"column":2},"end":{"line":10,"column":3}},"locations":[{"start":{"line":7,"column":2},"end":{"line":10,"column":3}}]},"1":{"type":"branch","line":12,"loc":{"start":{"line":12,"column":2},"end":{"line":14,"column":3}},"locations":[{"start":{"line":12,"column":2},"end":{"line":14,"column":3}}]},"2":{"type":"branch","line":16,"loc":{"start":{"line":16,"column":2},"end":{"line":38,"column":3}},"locations":[{"start":{"line":16,"column":2},"end":{"line":38,"column":3}}]},"3":{"type":"branch","line":23,"loc":{"start":{"line":23,"column":23},"end":{"line":23,"column":77}},"locations":[{"start":{"line":23,"column":23},"end":{"line":23,"column":77}}]},"4":{"type":"branch","line":23,"loc":{"start":{"line":23,"column":53},"end":{"line":23,"column":77}},"locations":[{"start":{"line":23,"column":53},"end":{"line":23,"column":77}}]},"5":{"type":"branch","line":30,"loc":{"start":{"line":30,"column":23},"end":{"line":30,"column":77}},"locations":[{"start":{"line":30,"column":23},"end":{"line":30,"column":77}}]},"6":{"type":"branch","line":30,"loc":{"start":{"line":30,"column":42},"end":{"line":30,"column":64}},"locations":[{"start":{"line":30,"column":42},"end":{"line":30,"column":64}}]}},"b":{"0":[1],"1":[1],"2":[2],"3":[2],"4":[0],"5":[2],"6":[0]},"fnMap":{"0":{"name":"Header","decl":{"start":{"line":7,"column":2},"end":{"line":10,"column":3}},"loc":{"start":{"line":7,"column":2},"end":{"line":10,"column":3}},"line":7},"1":{"name":"componentDidMount","decl":{"start":{"line":12,"column":2},"end":{"line":14,"column":3}},"loc":{"start":{"line":12,"column":2},"end":{"line":14,"column":3}},"line":12},"2":{"name":"render","decl":{"start":{"line":16,"column":2},"end":{"line":38,"column":3}},"loc":{"start":{"line":16,"column":2},"end":{"line":38,"column":3}},"line":16},"3":{"name":"className","decl":{"start":{"line":23,"column":23},"end":{"line":23,"column":77}},"loc":{"start":{"line":23,"column":23},"end":{"line":23,"column":77}},"line":23},"4":{"name":"onClick","decl":{"start":{"line":24,"column":21},"end":{"line":24,"column":68}},"loc":{"start":{"line":24,"column":21},"end":{"line":24,"column":68}},"line":24},"5":{"name":"className","decl":{"start":{"line":30,"column":23},"end":{"line":30,"column":77}},"loc":{"start":{"line":30,"column":23},"end":{"line":30,"column":77}},"line":30},"6":{"name":"onClick","decl":{"start":{"line":31,"column":21},"end":{"line":31,"column":69}},"loc":{"start":{"line":31,"column":21},"end":{"line":31,"column":69}},"line":31}},"f":{"0":1,"1":1,"2":2,"3":2,"4":0,"5":2,"6":0}}
}
